2025-11-29 17:33:28, MOVE, v:1, k:poo@contato, mode:PICK
2025-11-29 17:33:28, EXEC, v:1, k:poo@contato, mode:FULL, rate:0
2025-11-29 17:33:41, MOVE, v:1, k:poo@contato, mode:BACK
2025-11-29 17:40:56, MOVE, v:1, k:poo@agenda, mode:PICK
2025-11-29 17:40:57, EXEC, v:1, k:poo@agenda, mode:FULL, rate:0, size:1
2025-11-29 17:49:51, EXEC, v:1, k:poo@agenda, mode:FULL, rate:0, size:1
2025-11-29 17:51:54, MOVE, v:1, k:poo@agenda, mode:PICK
2025-11-29 17:51:55, EXEC, v:1, k:poo@agenda, mode:FULL, rate:0
2025-11-29 17:51:56, MOVE, v:1, k:poo@agenda, mode:BACK
2025-11-29 17:53:55, MOVE, v:1, k:poo@agenda, mode:PICK
2025-11-29 17:53:57, EXEC, v:1, k:poo@agenda, mode:FULL, rate:0, size:5
2025-11-29 17:54:01, MOVE, v:1, k:poo@agenda, mode:BACK
2025-11-29 18:33:09, MOVE, v:1, k:poo@agenda, mode:PICK
2025-11-29 18:33:19, EXEC, v:1, k:poo@agenda, mode:FULL, rate:0
2025-11-29 18:33:21, MOVE, v:1, k:poo@agenda, mode:BACK
2025-11-29 18:33:34, MOVE, v:1, k:poo@agenda, mode:PICK
2025-11-29 18:33:42, EXEC, v:1, k:poo@agenda, mode:FULL, rate:0, size:11
2025-11-29 18:33:43, MOVE, v:1, k:poo@agenda, mode:BACK
2025-11-29 18:58:57, MOVE, v:1, k:poo@agenda, mode:PICK
2025-11-29 18:59:06, EXEC, v:1, k:poo@agenda, mode:FULL, rate:0, size:20
2025-11-29 18:59:09, MOVE, v:1, k:poo@agenda, mode:BACK
2025-11-29 23:39:58, MOVE, v:1, k:poo@agenda, mode:PICK
2025-11-29 23:40:07, EXEC, v:1, k:poo@agenda, mode:FULL, rate:0, size:134
2025-11-29 23:40:09, MOVE, v:1, k:poo@agenda, mode:BACK
2025-11-29 23:40:43, SELF, v:1, k:poo@agenda
2025-11-29 23:40:58, MOVE, v:1, k:poo@agenda, mode:PICK
2025-11-29 23:41:00, EXEC, v:1, k:poo@agenda, mode:FULL, rate:0, size:193
2025-11-29 23:41:04, MOVE, v:1, k:poo@agenda, mode:BACK
2025-11-29 23:41:50, MOVE, v:1, k:poo@agenda, mode:PICK
2025-11-29 23:41:58, EXEC, v:1, k:poo@agenda, mode:FULL, rate:0, size:0
2025-11-29 23:41:59, MOVE, v:1, k:poo@agenda, mode:BACK
2025-11-29 23:42:24, SELF, v:1, k:poo@agenda, alone:10, study:420
