2025-12-04 00:04:56, MOVE, v:1, k:poo@contato, mode:PICK
2025-12-04 00:04:57, EXEC, v:1, k:poo@contato, mode:FULL, rate:0, size:32
2025-12-04 00:04:58, MOVE, v:1, k:poo@contato, mode:BACK
2025-12-04 00:06:35, MOVE, v:1, k:poo@contato, mode:PICK
2025-12-04 00:06:36, EXEC, v:1, k:poo@contato, mode:FULL, rate:0
2025-12-04 00:06:59, EXEC, v:1, k:poo@contato, mode:FULL, rate:0
2025-12-04 00:07:00, EXEC, v:1, k:poo@contato, mode:FULL, rate:0
2025-12-04 00:07:01, EXEC, v:1, k:poo@contato, mode:FULL, rate:0
2025-12-04 00:07:01, EXEC, v:1, k:poo@contato, mode:FULL, rate:0
2025-12-04 00:07:01, MOVE, v:1, k:poo@contato, mode:BACK
2025-12-04 00:07:57, MOVE, v:1, k:poo@contato, mode:PICK
2025-12-04 00:07:58, EXEC, v:1, k:poo@contato, mode:FULL, rate:0
2025-12-04 00:07:59, MOVE, v:1, k:poo@contato, mode:BACK
2025-12-04 00:08:02, MOVE, v:1, k:poo@contato, mode:PICK
2025-12-04 00:08:02, EXEC, v:1, k:poo@contato, mode:FULL, rate:0
2025-12-04 00:08:12, MOVE, v:1, k:poo@contato, mode:BACK
2025-12-04 00:10:38, MOVE, v:1, k:poo@contato, mode:PICK
2025-12-04 00:10:38, EXEC, v:1, k:poo@contato, mode:FULL, rate:0, size:35
2025-12-04 00:10:39, EXEC, v:1, k:poo@contato, mode:FULL, rate:0
2025-12-04 00:10:41, MOVE, v:1, k:poo@contato, mode:BACK
2025-12-04 00:10:52, MOVE, v:1, k:poo@contato, mode:PICK
2025-12-04 00:10:52, EXEC, v:1, k:poo@contato, mode:FULL, rate:0, size:36
2025-12-04 00:10:53, EXEC, v:1, k:poo@contato, mode:FULL, rate:0
2025-12-04 00:10:53, EXEC, v:1, k:poo@contato, mode:FULL, rate:0
2025-12-04 00:10:54, EXEC, v:1, k:poo@contato, mode:FULL, rate:0
2025-12-04 00:16:31, EXEC, v:1, k:poo@contato, mode:FULL, rate:0, size:41
2025-12-04 00:16:32, EXEC, v:1, k:poo@contato, mode:FULL, rate:0
2025-12-04 00:19:25, EXEC, v:1, k:poo@contato, mode:FULL, rate:0, size:56
2025-12-04 00:19:34, EXEC, v:1, k:poo@contato, mode:FULL, rate:0, size:57
2025-12-04 00:19:45, EXEC, v:1, k:poo@contato, mode:FULL, rate:0, size:57
2025-12-04 00:20:04, EXEC, v:1, k:poo@contato, mode:FREE
2025-12-04 00:20:16, MOVE, v:1, k:poo@contato, mode:BACK
2025-12-04 00:20:22, MOVE, v:1, k:poo@contato, mode:PICK
2025-12-04 00:20:23, EXEC, v:1, k:poo@contato, mode:FULL, rate:0
2025-12-04 00:21:38, EXEC, v:1, k:poo@contato, mode:FULL, rate:0, size:59
2025-12-04 00:22:11, EXEC, v:1, k:poo@contato, mode:FULL, rate:20, size:59
2025-12-04 00:24:20, EXEC, v:1, k:poo@contato, mode:FULL, rate:40, size:63
2025-12-04 00:25:08, MOVE, v:1, k:poo@contato, mode:BACK
